<?xml version="1.0" encoding="UTF-8"?>
<!-- Generated by org.testng.reporters.JUnitReportReporter -->
<testsuite hostname="MADHUMITHA" failures="0" tests="1" name="testcases.FlightSelectionTest" time="12.818" errors="0" timestamp="2023-02-26T00:29:21 IST" skipped="0">
  <testcase classname="testcases.FlightSelectionTest" name="BookFlight" time="12.818"/>
  <system-out/>
</testsuite> <!-- testcases.FlightSelectionTest -->
