<?xml version="1.0" encoding="UTF-8"?>
<!-- Generated by org.testng.reporters.JUnitReportReporter -->
<testsuite hostname="MADHUMITHA" failures="0" tests="2" name="testcases.LoginTest" time="59.020" errors="0" timestamp="2023-02-26T00:29:21 IST" skipped="0">
  <testcase classname="testcases.LoginTest" name="LoginwithValidCredentails" time="20.467"/>
  <system-out/>
  <testcase classname="testcases.LoginTest" name="LoginwithInvalidCredentials" time="38.553"/>
  <system-out/>
</testsuite> <!-- testcases.LoginTest -->
