<?xml version="1.0" encoding="UTF-8"?>
<!-- Generated by org.testng.reporters.JUnitReportReporter -->
<testsuite hostname="MADHUMITHA" failures="0" tests="1" name="testcases.OneWayTest" time="16.287" errors="0" timestamp="2023-02-26T00:29:21 IST" skipped="0">
  <testcase classname="testcases.OneWayTest" name="FlightSearch" time="16.287"/>
  <system-out/>
</testsuite> <!-- testcases.OneWayTest -->
