<?xml version="1.0" encoding="UTF-8"?>
<!-- Generated by org.testng.reporters.JUnitReportReporter -->
<testsuite hostname="MADHUMITHA" failures="0" tests="3" name="testcases.ValidationTest" time="17.597" errors="0" timestamp="2023-02-26T00:29:21 IST" skipped="0">
  <testcase classname="testcases.ValidationTest" name="ValidationOnElement1" time="6.828"/>
  <system-out/>
  <testcase classname="testcases.ValidationTest" name="ValidationOnElement2" time="5.558"/>
  <system-out/>
  <testcase classname="testcases.ValidationTest" name="ValidationOnElement3" time="5.211"/>
  <system-out/>
</testsuite> <!-- testcases.ValidationTest -->
